728
0 L 6 317 1
0 D 939 317 1
1 L 1 54 1
1 D 760 54 1
2 L 6 241 1
2 D 775 241 1
3 L 6 191 1
3 D 776 191 1
4 L 4 214 1
4 D 688 214 1
5 L 5 184 1
5 D 683 184 1
6 L 4 382 1
6 D 980 382 1
7 L 4 104 1
7 D 79 104 1
8 L 2 358 1
8 D 82 358 1
9 L 5 299 1
9 D 464 299 1
10 L 2 205 1
10 D 664 205 1
11 L 5 81 1
11 D 663 81 1
12 L 4 288 1
12 D 363 288 1
13 L 3 163 1
13 D 913 163 1
14 L 1 349 1
14 D 1154 349 1
15 L 6 43 1
15 D 50 43 1
16 L 4 375 1
16 D 152 375 1
17 L 7 289 1
17 D 816 289 1
18 L 9 234 1
18 D 167 234 1
19 L 4 396 1
19 D 303 396 1
20 L 6 142 1
20 D 1022 142 1
21 L 4 17 1
21 D 1072 17 1
22 L 4 162 1
22 D 829 162 1
23 L 8 125 1
23 D 325 125 1
24 L 2 100 1
24 D 594 100 1
25 L 4 172 1
25 D 861 172 1
26 L 4 154 1
26 D 1103 154 1
27 L 4 200 1
27 D 843 200 1
28 L 6 104 1
28 D 852 104 1
0 L 6 362 1
0 D 1088 362 1
1 L 3 255 1
1 D 889 255 1
2 L 7 97 1
2 D 260 97 1
3 L 7 111 1
3 D 275 111 1
4 L 3 110 1
4 D 919 110 1
5 L 6 104 1
5 D 1234 104 1
6 L 3 285 1
6 D 1242 285 1
7 L 0 383 1
7 D 409 383 1
8 L 5 225 1
8 D 425 225 1
9 L 4 163 1
9 D 1 163 1
10 L 4 230 1
10 D 11 230 1
11 L 6 126 1
11 D 543 126 1
11 L 6 223 1
11 D 543 223 1
12 L 0 262 1
12 D 121 262 1
13 L 9 251 1
13 D 121 251 1
14 L 9 116 1
14 D 240 116 1
15 L 7 105 1
15 D 240 105 1
16 L 3 285 1
16 D 992 285 1
17 L 8 355 1
17 D 992 355 1
18 L 9 227 1
18 D 920 227 1
19 L 8 5 1
19 D 920 5 1
20 L 3 218 1
20 D 377 218 1
20 L 3 375 1
20 D 377 375 1
21 L 4 86 1
21 D 379 86 1
22 L 6 107 1
22 D 379 107 1
23 L 1 172 1
23 D 657 172 1
23 L 1 348 1
23 D 657 348 1
24 L 3 35 1
24 D 381 35 1
25 L 8 131 1
25 D 381 131 1
26 L 4 162 1
26 D 727 162 1
26 L 4 361 1
26 D 727 361 1
27 L 5 350 1
27 D 1119 350 1
28 L 2 166 1
28 D 1119 166 1
0 L 3 167 1
0 D 1121 167 1
1 L 1 211 1
1 D 1121 211 1
2 L 6 300 1
2 D 652 300 1
3 L 3 346 1
3 D 652 346 1
4 L 9 223 1
4 D 729 223 1
5 L 4 352 1
5 D 729 352 1
6 L 4 76 1
6 D 1182 76 1
7 L 7 320 1
7 D 1182 320 1
8 L 0 15 1
8 D 193 15 1
9 L 3 121 1
9 D 193 121 1
10 L 4 262 1
10 D 1186 262 1
11 L 3 263 1
11 D 1186 263 1
12 L 6 122 1
12 D 1053 122 1
12 L 6 378 1
12 D 1053 378 1
13 L 4 299 1
13 D 789 299 1
14 L 5 263 1
14 D 789 263 1
15 L 6 219 1
15 D 745 219 1
16 L 4 394 1
16 D 745 394 1
17 L 3 110 1
17 D 465 110 1
18 L 7 359 1
18 D 465 359 1
19 L 6 51 1
19 D 950 51 1
20 L 4 226 1
20 D 950 226 1
21 L 6 290 1
21 D 989 290 1
21 L 6 375 1
21 D 989 375 1
22 L 3 201 1
22 D 804 201 1
22 L 3 228 1
22 D 804 228 1
23 L 4 34 1
23 D 257 34 1
24 L 3 153 1
24 D 257 153 1
25 L 4 78 1
25 D 591 78 1
26 L 7 97 1
26 D 591 97 1
27 L 6 214 1
27 D 1147 214 1
28 L 0 31 1
28 D 1147 31 1
0 L 0 157 1
0 D 352 157 1
1 L 6 142 1
1 D 352 142 1
2 L 3 228 1
2 D 887 228 1
3 L 5 376 1
3 D 887 376 1
4 L 1 83 1
4 D 908 83 1
4 L 1 175 1
4 D 908 175 1
5 L 5 396 1
5 D 912 396 1
6 L 2 56 1
6 D 912 56 1
7 L 3 266 1
7 D 171 266 1
8 L 6 107 1
8 D 171 107 1
9 L 9 235 1
9 D 297 235 1
10 L 8 41 1
10 D 297 41 1
11 L 4 26 1
11 D 146 26 1
11 L 4 126 1
11 D 146 126 1
12 L 8 161 1
12 D 820 161 1
13 L 1 198 1
13 D 820 198 1
14 L 4 17 1
14 D 144 17 1
14 L 4 96 1
14 D 144 96 1
15 L 5 348 1
15 D 521 348 1
16 L 1 356 1
16 D 521 356 1
17 L 4 223 1
17 D 302 223 1
18 L 3 121 1
18 D 302 121 1
19 L 5 26 1
19 D 903 26 1
20 L 2 222 1
20 D 903 222 1
21 L 9 25 1
21 D 1001 25 1
21 L 9 386 1
21 D 1001 386 1
22 L 3 397 1
22 D 18 397 1
23 L 5 344 1
23 D 18 344 1
24 L 4 78 1
24 D 970 78 1
24 L 4 213 1
24 D 970 213 1
25 L 4 26 1
25 D 1134 26 1
25 L 4 52 1
25 D 1134 52 1
26 L 3 378 1
26 D 177 378 1
27 L 5 244 1
27 D 177 244 1
28 L 0 133 1
28 D 895 133 1
29 L 4 86 1
29 D 895 86 1
0 L 4 15 1
0 D 738 15 1
0 L 4 283 1
0 D 738 283 1
1 L 2 166 1
1 D 180 166 1
1 L 2 384 1
1 D 180 384 1
2 L 7 17 1
2 D 369 17 1
2 L 7 194 1
2 D 369 194 1
3 L 7 359 1
3 D 1164 359 1
4 L 1 28 1
4 D 1164 28 1
5 L 6 163 1
5 D 127 163 1
6 L 9 337 1
6 D 127 337 1
7 L 5 183 1
7 D 900 183 1
8 L 8 130 1
8 D 900 130 1
9 L 2 158 1
9 D 1116 158 1
10 L 9 386 1
10 D 1116 386 1
11 L 3 2 1
11 D 1191 2 1
11 L 3 154 1
11 D 1191 154 1
12 L 6 255 1
12 D 318 255 1
13 L 0 269 1
13 D 318 269 1
14 L 4 81 1
14 D 2 81 1
14 L 4 192 1
14 D 2 192 1
15 L 0 50 1
15 D 43 50 1
15 L 0 242 1
15 D 43 242 1
16 L 4 262 1
16 D 560 262 1
17 L 5 196 1
17 D 560 196 1
18 L 3 64 1
18 D 1222 64 1
19 L 7 392 1
19 D 1222 392 1
20 L 7 119 1
20 D 555 119 1
21 L 8 41 1
21 D 555 41 1
22 L 6 263 1
22 D 1098 263 1
23 L 9 303 1
23 D 1098 303 1
24 L 0 278 1
24 D 218 278 1
25 L 3 282 1
25 D 218 282 1
26 L 0 201 1
26 D 305 201 1
27 L 9 235 1
27 D 305 235 1
28 L 2 38 1
28 D 237 38 1
29 L 9 58 1
29 D 237 58 1
0 L 0 310 1
0 D 46 310 1
0 L 0 348 1
0 D 46 348 1
1 L 7 392 1
1 D 855 392 1
2 L 8 67 1
2 D 855 67 1
3 L 6 345 1
3 D 787 345 1
3 L 6 360 1
3 D 787 360 1
4 L 2 85 1
4 D 892 85 1
5 L 6 365 1
5 D 892 365 1
6 L 6 107 1
6 D 1082 107 1
7 L 7 105 1
7 D 1082 105 1
8 L 6 61 1
8 D 572 61 1
9 L 5 184 1
9 D 572 184 1
10 L 4 164 1
10 D 524 164 1
11 L 1 338 1
11 D 524 338 1
12 L 0 168 1
12 D 768 168 1
12 L 0 322 1
12 D 768 322 1
13 L 6 111 1
13 D 227 111 1
14 L 4 304 1
14 D 227 304 1
15 L 6 195 1
15 D 1208 195 1
16 L 8 41 1
16 D 1208 41 1
17 L 2 222 1
17 D 274 222 1
18 L 6 53 1
18 D 274 53 1
19 L 6 175 1
19 D 245 175 1
20 L 9 386 1
20 D 245 386 1
21 L 0 219 1
21 D 390 219 1
22 L 6 362 1
22 D 390 362 1
23 L 7 220 1
23 D 929 220 1
23 L 7 270 1
23 D 929 270 1
24 L 3 118 1
24 D 287 118 1
25 L 0 272 1
25 D 287 272 1
26 L 5 364 1
26 D 840 364 1
27 L 2 254 1
27 D 840 254 1
28 L 5 184 1
28 D 1229 184 1
29 L 8 41 1
29 D 1229 41 1
0 L 2 384 1
0 D 38 384 1
1 L 1 363 1
1 D 38 363 1
2 L 6 81 1
2 D 286 81 1
2 L 6 181 1
2 D 286 181 1
3 L 4 126 1
3 D 935 126 1
4 L 0 272 1
4 D 935 272 1
5 L 0 396 1
5 D 678 396 1
6 L 3 27 1
6 D 678 27 1
7 L 3 293 1
7 D 780 293 1
7 L 3 398 1
7 D 780 398 1
8 L 4 32 1
8 D 838 32 1
9 L 8 130 1
9 D 838 130 1
10 L 3 224 1
10 D 392 224 1
11 L 0 182 1
11 D 392 182 1
12 L 3 21 1
12 D 463 21 1
12 L 3 164 1
12 D 463 164 1
13 L 3 214 1
13 D 203 214 1
14 L 7 332 1
14 D 203 332 1
15 L 3 380 1
15 D 564 380 1
16 L 9 369 1
16 D 564 369 1
17 L 1 349 1
17 D 564 349 1
18 L 4 270 1
18 D 1071 270 1
18 L 4 317 1
18 D 1071 317 1
19 L 6 51 1
19 D 1071 51 1
20 L 9 65 1
20 D 1087 65 1
20 L 9 188 1
20 D 1087 188 1
21 L 5 376 1
21 D 1087 376 1
22 L 0 199 1
22 D 619 199 1
22 L 0 243 1
22 D 619 243 1
23 L 8 312 1
23 D 619 312 1
24 L 3 80 1
24 D 487 80 1
24 L 3 149 1
24 D 487 149 1
24 L 3 190 1
24 D 487 190 1
25 L 4 189 1
25 D 558 189 1
26 L 9 310 1
26 D 558 310 1
27 L 5 113 1
27 D 558 113 1
28 L 4 151 1
28 D 239 151 1
28 L 4 239 1
28 D 239 239 1
28 L 4 343 1
28 D 239 343 1
0 L 4 129 1
0 D 309 129 1
0 L 4 246 1
0 D 309 246 1
0 L 4 327 1
0 D 309 327 1
1 L 6 122 1
1 D 951 122 1
1 L 6 288 1
1 D 951 288 1
2 L 0 272 1
2 D 951 272 1
3 L 5 146 1
3 D 486 146 1
4 L 2 49 1
4 D 486 49 1
5 L 8 165 1
5 D 486 165 1
6 L 4 350 1
6 D 616 350 1
7 L 1 370 1
7 D 616 370 1
8 L 8 267 1
8 D 616 267 1
9 L 3 10 1
9 D 1115 10 1
9 L 3 390 1
9 D 1115 390 1
10 L 9 58 1
10 D 1115 58 1
11 L 4 122 1
11 D 511 122 1
12 L 6 107 1
12 D 511 107 1
13 L 8 5 1
13 D 511 5 1
14 L 3 361 1
14 D 554 361 1
15 L 9 303 1
15 D 554 303 1
16 L 2 319 1
16 D 554 319 1
17 L 0 16 1
17 D 8 16 1
17 L 0 26 1
17 D 8 26 1
18 L 8 41 1
18 D 8 41 1
19 L 3 283 1
19 D 194 283 1
19 L 3 372 1
19 D 194 372 1
20 L 2 384 1
20 D 194 384 1
21 L 6 40 1
21 D 206 40 1
21 L 6 287 1
21 D 206 287 1
22 L 4 155 1
22 D 206 155 1
23 L 1 325 1
23 D 327 325 1
24 L 5 244 1
24 D 327 244 1
25 L 7 93 1
25 D 327 93 1
26 L 4 2 1
26 D 1077 2 1
26 L 4 236 1
26 D 1077 236 1
27 L 7 19 1
27 D 1077 19 1
28 L 4 35 1
28 D 209 35 1
28 L 4 132 1
28 D 209 132 1
29 L 3 27 1
29 D 209 27 1
0 L 3 106 1
0 D 580 106 1
1 L 5 286 1
1 D 580 286 1
2 L 0 276 1
2 D 580 276 1
3 L 1 61 1
3 D 570 61 1
3 L 1 187 1
3 D 570 187 1
4 L 7 97 1
4 D 570 97 1
5 L 6 45 1
5 D 845 45 1
5 L 6 192 1
5 D 845 192 1
6 L 1 28 1
6 D 845 28 1
7 L 3 50 1
7 D 212 50 1
7 L 3 181 1
7 D 212 181 1
7 L 3 201 1
7 D 212 201 1
8 L 9 35 1
8 D 551 35 1
8 L 9 300 1
8 D 551 300 1
8 L 9 348 1
8 D 551 348 1
9 L 6 90 1
9 D 938 90 1
9 L 6 327 1
9 D 938 327 1
9 L 6 328 1
9 D 938 328 1
10 L 3 126 1
10 D 1100 126 1
10 L 3 350 1
10 D 1100 350 1
11 L 7 236 1
11 D 1100 236 1
12 L 9 77 1
12 D 505 77 1
13 L 5 232 1
13 D 505 232 1
14 L 8 315 1
14 D 505 315 1
15 L 4 227 1
15 D 822 227 1
16 L 9 160 1
16 D 822 160 1
17 L 6 238 1
17 D 822 238 1
18 L 0 45 1
18 D 315 45 1
18 L 0 46 1
18 D 315 46 1
19 L 2 254 1
19 D 315 254 1
20 L 2 70 1
20 D 501 70 1
21 L 7 98 1
21 D 501 98 1
21 L 7 145 1
21 D 501 145 1
22 L 7 97 1
22 D 742 97 1
22 L 7 392 1
22 D 742 392 1
23 L 0 296 1
23 D 742 296 1
24 L 5 205 1
24 D 625 205 1
24 L 5 260 1
24 D 625 260 1
25 L 8 355 1
25 D 625 355 1
26 L 2 76 1
26 D 1055 76 1
26 L 2 290 1
26 D 1055 290 1
26 L 2 384 1
26 D 1055 384 1
27 L 3 76 1
27 D 349 76 1
27 L 3 225 1
27 D 349 225 1
27 L 3 290 1
27 D 349 290 1
28 L 6 114 1
28 D 885 114 1
29 L 4 352 1
29 D 885 352 1
0 L 6 290 1
0 D 459 290 1
0 L 6 335 1
0 D 459 335 1
1 L 8 125 1
1 D 459 125 1
2 L 6 399 1
2 D 1207 399 1
3 L 0 168 1
3 D 1207 168 1
4 L 1 28 1
4 D 1207 28 1
5 L 3 109 1
5 D 1206 109 1
6 L 5 113 1
6 D 1206 113 1
6 L 5 266 1
6 D 1206 266 1
7 L 3 126 1
7 D 979 126 1
7 L 3 221 1
7 D 979 221 1
7 L 3 326 1
7 D 979 326 1
8 L 3 36 1
8 D 26 36 1
9 L 4 21 1
9 D 26 21 1
10 L 7 105 1
10 D 26 105 1
11 L 7 237 1
11 D 1203 237 1
11 L 7 259 1
11 D 1203 259 1
12 L 2 388 1
12 D 1203 388 1
13 L 4 216 1
13 D 461 216 1
14 L 6 391 1
14 D 461 391 1
15 L 2 384 1
15 D 461 384 1
16 L 4 10 1
16 D 1199 10 1
16 L 4 149 1
16 D 1199 149 1
16 L 4 287 1
16 D 1199 287 1
17 L 9 114 1
17 D 24 114 1
17 L 9 126 1
17 D 24 126 1
18 L 8 161 1
18 D 24 161 1
19 L 3 119 1
19 D 81 119 1
20 L 0 296 1
20 D 81 296 1
21 L 1 28 1
21 D 81 28 1
22 L 3 242 1
22 D 1235 242 1
23 L 7 97 1
23 D 1235 97 1
24 L 6 362 1
24 D 1235 362 1
25 L 4 243 1
25 D 676 243 1
26 L 2 30 1
26 D 676 30 1
26 L 2 87 1
26 D 676 87 1
27 L 7 46 1
27 D 86 46 1
28 L 4 86 1
28 D 86 86 1
29 L 6 142 1
29 D 86 142 1
