992
0 L 0 910 1
0 D 799 910 1
1 L 0 388 1
1 D 731 388 1
2 L 0 615 1
2 D 706 615 1
3 L 0 683 1
3 D 326 683 1
4 L 0 233 1
4 D 233 233 1
5 L 0 684 1
5 D 231 684 1
6 L 0 548 1
6 D 338 548 1
7 L 0 350 1
7 D 73 350 1
8 L 0 452 1
8 D 216 452 1
9 L 0 100 1
9 D 735 100 1
10 L 0 228 1
10 D 568 228 1
11 L 0 759 1
11 D 371 759 1
12 L 0 653 1
12 D 531 653 1
13 L 0 404 1
13 D 124 404 1
14 L 0 992 1
14 D 504 992 1
15 L 0 277 1
15 D 503 277 1
16 L 0 862 1
16 D 191 862 1
17 L 0 889 1
17 D 465 889 1
18 L 0 659 1
18 D 172 659 1
0 L 0 382 1
0 D 559 382 1
1 L 0 338 1
1 D 297 338 1
2 L 0 558 1
2 D 175 558 1
3 L 0 48 1
3 D 20 48 1
4 L 0 772 1
4 D 387 772 1
4 L 0 887 1
4 D 387 887 1
5 L 0 129 1
5 D 128 129 1
5 L 0 997 1
5 D 128 997 1
6 L 0 616 1
6 D 276 616 1
6 L 0 773 1
6 D 276 773 1
7 L 0 862 1
7 D 514 862 1
7 L 0 970 1
7 D 514 970 1
8 L 0 284 1
8 D 200 284 1
8 L 0 907 1
8 D 200 907 1
9 L 0 332 1
9 D 525 332 1
9 L 0 499 1
9 D 525 499 1
10 L 0 456 1
10 D 262 456 1
10 L 0 751 1
10 D 262 751 1
11 L 0 375 1
11 D 545 375 1
11 L 0 999 1
11 D 545 999 1
12 L 0 81 1
12 D 367 81 1
12 L 0 210 1
12 D 367 210 1
13 L 0 490 1
13 D 550 490 1
13 L 0 817 1
13 D 550 817 1
14 L 0 8 1
14 D 552 8 1
14 L 0 691 1
14 D 552 691 1
15 L 0 37 1
15 D 365 37 1
15 L 0 270 1
15 D 365 270 1
16 L 0 643 1
16 D 587 643 1
16 L 0 777 1
16 D 587 777 1
17 L 0 783 1
17 D 589 783 1
17 L 0 971 1
17 D 589 971 1
18 L 0 439 1
18 D 213 439 1
18 L 0 769 1
18 D 213 769 1
0 L 0 672 1
0 D 356 672 1
0 L 0 953 1
0 D 356 953 1
1 L 0 384 1
1 D 352 384 1
1 L 0 419 1
1 D 352 419 1
2 L 0 261 1
2 D 621 261 1
2 L 0 453 1
2 D 621 453 1
3 L 0 247 1
3 D 80 247 1
3 L 0 388 1
3 D 80 388 1
4 L 0 10 1
4 D 499 10 1
4 L 0 455 1
4 D 499 455 1
5 L 0 228 1
5 D 194 228 1
5 L 0 554 1
5 D 194 554 1
6 L 0 372 1
6 D 134 372 1
6 L 0 486 1
6 D 134 486 1
7 L 0 227 1
7 D 273 227 1
7 L 0 434 1
7 D 273 434 1
8 L 0 270 1
8 D 268 270 1
8 L 0 862 1
8 D 268 862 1
9 L 0 52 1
9 D 168 52 1
9 L 0 334 1
9 D 168 334 1
10 L 0 5 1
10 D 441 5 1
10 L 0 467 1
10 D 441 467 1
11 L 0 720 1
11 D 449 720 1
11 L 0 730 1
11 D 449 730 1
12 L 0 160 1
12 D 415 160 1
12 L 0 414 1
12 D 415 414 1
13 L 0 512 1
13 D 455 512 1
13 L 0 967 1
13 D 455 967 1
14 L 0 159 1
14 D 185 159 1
14 L 0 890 1
14 D 185 890 1
15 L 0 820 1
15 D 462 820 1
15 L 0 837 1
15 D 462 837 1
16 L 0 275 1
16 D 156 275 1
16 L 0 657 1
16 D 156 657 1
17 L 0 372 1
17 D 631 372 1
17 L 0 870 1
17 D 631 870 1
18 L 0 76 1
18 D 466 76 1
18 L 0 370 1
18 D 466 370 1
0 L 0 811 1
0 D 188 811 1
0 L 0 953 1
0 D 188 953 1
1 L 0 158 1
1 D 149 158 1
1 L 0 432 1
1 D 149 432 1
2 L 0 49 1
2 D 479 49 1
2 L 0 437 1
2 D 479 437 1
3 L 0 819 1
3 D 190 819 1
3 L 0 883 1
3 D 190 883 1
4 L 0 262 1
4 D 487 262 1
4 L 0 914 1
4 D 487 914 1
5 L 0 642 1
5 D 3 642 1
5 L 0 961 1
5 D 3 961 1
6 L 0 36 1
6 D 192 36 1
6 L 0 501 1
6 D 192 501 1
7 L 0 466 1
7 D 139 466 1
7 L 0 575 1
7 D 139 575 1
8 L 0 884 1
8 D 137 884 1
8 L 0 994 1
8 D 137 994 1
9 L 0 404 1
9 D 470 404 1
9 L 0 616 1
9 D 470 616 1
10 L 0 522 1
10 D 348 522 1
10 L 0 649 1
10 D 348 649 1
11 L 0 832 1
11 D 600 832 1
11 L 0 862 1
11 D 600 862 1
12 L 0 68 1
12 D 228 68 1
12 L 0 151 1
12 D 228 151 1
13 L 0 49 1
13 D 38 49 1
13 L 0 326 1
13 D 38 326 1
14 L 0 389 1
14 D 703 389 1
14 L 0 411 1
14 D 703 411 1
15 L 0 163 1
15 D 17 163 1
15 L 0 362 1
15 D 17 362 1
16 L 0 356 1
16 D 656 356 1
16 L 0 730 1
16 D 656 730 1
17 L 0 295 1
17 D 323 295 1
17 L 0 882 1
17 D 323 882 1
18 L 0 150 1
18 D 305 150 1
18 L 0 862 1
18 D 305 862 1
0 L 0 266 1
0 D 16 266 1
0 L 0 931 1
0 D 16 931 1
1 L 0 673 1
1 D 664 673 1
1 L 0 875 1
1 D 664 875 1
2 L 0 307 1
2 D 289 307 1
2 L 0 525 1
2 D 289 525 1
3 L 0 384 1
3 D 681 384 1
3 L 0 789 1
3 D 681 789 1
4 L 0 385 1
4 D 653 385 1
4 L 0 628 1
4 D 653 628 1
5 L 0 113 1
5 D 320 113 1
5 L 0 481 1
5 D 320 481 1
6 L 0 512 1
6 D 742 512 1
6 L 0 790 1
6 D 742 790 1
7 L 0 129 1
7 D 758 129 1
7 L 0 225 1
7 D 758 225 1
8 L 0 139 1
8 D 53 139 1
8 L 0 323 1
8 D 53 323 1
9 L 0 372 1
9 D 328 372 1
9 L 0 401 1
9 D 328 401 1
10 L 0 741 1
10 D 677 741 1
10 L 0 954 1
10 D 677 954 1
11 L 0 380 1
11 D 747 380 1
11 L 0 896 1
11 D 747 896 1
12 L 0 384 1
12 D 680 384 1
12 L 0 735 1
12 D 680 735 1
13 L 0 168 1
13 D 646 168 1
13 L 0 950 1
13 D 646 950 1
14 L 0 441 1
14 D 46 441 1
14 L 0 773 1
14 D 46 773 1
14 L 0 857 1
14 D 46 857 1
15 L 0 104 1
15 D 264 104 1
15 L 0 161 1
15 D 264 161 1
15 L 0 315 1
15 D 264 315 1
16 L 0 127 1
16 D 129 127 1
16 L 0 277 1
16 D 129 277 1
16 L 0 573 1
16 D 129 573 1
17 L 0 75 1
17 D 238 75 1
17 L 0 319 1
17 D 238 319 1
17 L 0 939 1
17 D 238 939 1
18 L 0 680 1
18 D 379 680 1
18 L 0 750 1
18 D 379 750 1
18 L 0 796 1
18 D 379 796 1
0 L 0 397 1
0 D 644 397 1
0 L 0 598 1
0 D 644 598 1
0 L 0 922 1
0 D 644 922 1
1 L 0 193 1
1 D 495 193 1
1 L 0 284 1
1 D 495 284 1
1 L 0 521 1
1 D 495 521 1
2 L 0 58 1
2 D 136 58 1
2 L 0 68 1
2 D 136 68 1
2 L 0 359 1
2 D 136 359 1
3 L 0 35 1
3 D 121 35 1
3 L 0 840 1
3 D 121 840 1
3 L 0 918 1
3 D 121 918 1
4 L 0 149 1
4 D 712 149 1
4 L 0 459 1
4 D 712 459 1
4 L 0 601 1
4 D 712 601 1
5 L 0 675 1
5 D 490 675 1
5 L 0 824 1
5 D 490 824 1
5 L 0 964 1
5 D 490 964 1
6 L 0 396 1
6 D 429 396 1
6 L 0 626 1
6 D 429 626 1
6 L 0 649 1
6 D 429 649 1
7 L 0 268 1
7 D 439 268 1
7 L 0 376 1
7 D 439 376 1
7 L 0 419 1
7 D 439 419 1
8 L 0 806 2
8 D 751 806 2
8 L 0 879 1
8 D 751 879 1
9 L 0 724 1
9 D 428 724 1
9 L 0 736 1
9 D 428 736 1
9 L 0 940 1
9 D 428 940 1
10 L 0 62 1
10 D 427 62 1
10 L 0 308 1
10 D 427 308 1
10 L 0 358 1
10 D 427 358 1
11 L 0 400 1
11 D 746 400 1
11 L 0 448 1
11 D 746 448 1
11 L 0 827 1
11 D 746 827 1
12 L 0 525 1
12 D 491 525 1
12 L 0 616 1
12 D 491 616 1
12 L 0 856 1
12 D 491 856 1
13 L 0 303 1
13 D 419 303 1
13 L 0 355 1
13 D 419 355 1
13 L 0 789 1
13 D 419 789 1
14 L 0 247 1
14 D 184 247 1
14 L 0 433 1
14 D 184 433 1
14 L 0 983 1
14 D 184 983 1
15 L 0 289 1
15 D 251 289 1
15 L 0 782 1
15 D 251 782 1
15 L 0 966 1
15 D 251 966 1
16 L 0 167 1
16 D 155 167 1
16 L 0 344 1
16 D 155 344 1
16 L 0 926 1
16 D 155 926 1
17 L 0 123 1
17 D 266 123 1
17 L 0 543 1
17 D 266 543 1
17 L 0 574 1
17 D 266 574 1
18 L 0 239 1
18 D 411 239 1
18 L 0 739 1
18 D 411 739 1
18 L 0 859 1
18 D 411 859 1
0 L 0 539 1
0 D 52 539 1
0 L 0 855 1
0 D 52 855 1
0 L 0 931 1
0 D 52 931 1
1 L 0 142 1
1 D 298 142 1
1 L 0 931 1
1 D 298 931 1
1 L 0 983 1
1 D 298 983 1
2 L 0 306 1
2 D 528 306 1
2 L 0 473 1
2 D 528 473 1
2 L 0 991 1
2 D 528 991 1
3 L 0 261 1
3 D 579 261 1
3 L 0 328 1
3 D 579 328 1
3 L 0 474 1
3 D 579 474 1
4 L 0 218 1
4 D 791 218 1
4 L 0 235 1
4 D 791 235 1
4 L 0 780 1
4 D 791 780 1
5 L 0 86 1
5 D 211 86 1
5 L 0 141 1
5 D 211 141 1
5 L 0 587 1
5 D 211 587 1
6 L 0 296 1
6 D 330 296 1
6 L 0 637 1
6 D 330 637 1
6 L 0 898 1
6 D 330 898 1
7 L 0 60 1
7 D 90 60 1
7 L 0 528 1
7 D 90 528 1
7 L 0 565 1
7 D 90 565 1
8 L 0 185 1
8 D 92 185 1
8 L 0 794 1
8 D 92 794 1
8 L 0 843 1
8 D 92 843 1
9 L 0 168 1
9 D 259 168 1
9 L 0 360 1
9 D 259 360 1
9 L 0 382 1
9 D 259 382 1
10 L 0 50 1
10 D 581 50 1
10 L 0 467 1
10 D 581 467 1
10 L 0 473 1
10 D 581 473 1
11 L 0 301 1
11 D 332 301 1
11 L 0 627 1
11 D 332 627 1
11 L 0 743 1
11 D 332 743 1
12 L 0 28 1
12 D 783 28 1
12 L 0 459 1
12 D 783 459 1
12 L 0 906 1
12 D 783 906 1
13 L 0 154 1
13 D 351 154 1
13 L 0 348 1
13 D 351 348 1
13 L 0 911 1
13 D 351 911 1
14 L 0 293 1
14 D 659 293 1
14 L 0 594 1
14 D 659 594 1
14 L 0 614 1
14 D 659 614 1
15 L 0 2 1
15 D 255 2 1
15 L 0 182 1
15 D 255 182 1
15 L 0 215 1
15 D 255 215 1
16 L 0 500 1
16 D 571 500 1
16 L 0 534 1
16 D 571 534 1
16 L 0 967 1
16 D 571 967 1
17 L 0 16 1
17 D 597 16 1
17 L 0 614 1
17 D 597 614 1
17 L 0 654 1
17 D 597 654 1
18 L 0 177 1
18 D 562 177 1
18 L 0 541 1
18 D 562 541 1
18 L 0 808 1
18 D 562 808 1
0 L 0 109 1
0 D 634 109 1
0 L 0 623 1
0 D 634 623 1
0 L 0 918 1
0 D 634 918 1
1 L 0 486 1
1 D 785 486 1
1 L 0 727 1
1 D 785 727 1
1 L 0 791 1
1 D 785 791 1
2 L 0 168 1
2 D 636 168 1
2 L 0 918 1
2 D 636 918 1
2 L 0 974 1
2 D 636 974 1
3 L 0 154 1
3 D 222 154 1
3 L 0 207 1
3 D 222 207 1
3 L 0 219 1
3 D 222 219 1
4 L 0 123 1
4 D 639 123 1
4 L 0 488 1
4 D 639 488 1
4 L 0 940 1
4 D 639 940 1
5 L 0 5 1
5 D 537 5 1
5 L 0 593 1
5 D 537 593 1
5 L 0 770 1
5 D 537 770 1
6 L 0 388 1
6 D 544 388 1
6 L 0 449 1
6 D 544 449 1
6 L 0 872 1
6 D 544 872 1
7 L 0 278 1
7 D 366 278 1
7 L 0 326 1
7 D 366 326 1
7 L 0 682 1
7 D 366 682 1
8 L 0 73 1
8 D 638 73 1
8 L 0 688 1
8 D 638 688 1
8 L 0 845 1
8 D 638 845 1
9 L 0 431 1
9 D 12 431 1
9 L 0 502 1
9 D 12 502 1
9 L 0 532 1
9 D 12 532 1
10 L 0 112 1
10 D 110 112 1
10 L 0 189 1
10 D 110 189 1
10 L 0 734 1
10 D 110 734 1
11 L 0 52 1
11 D 205 52 1
11 L 0 335 1
11 D 205 335 1
11 L 0 431 1
11 D 205 431 1
12 L 0 70 1
12 D 775 70 1
12 L 0 659 1
12 D 775 659 1
12 L 0 935 1
12 D 775 935 1
13 L 0 614 1
13 D 74 614 1
13 L 0 967 1
13 D 74 967 1
13 L 0 996 1
13 D 74 996 1
14 L 0 407 1
14 D 549 407 1
14 L 0 785 1
14 D 549 785 1
14 L 0 832 1
14 D 549 832 1
15 L 0 370 1
15 D 671 370 1
15 L 0 672 1
15 D 671 672 1
15 L 0 730 1
15 D 671 730 1
16 L 0 123 1
16 D 173 123 1
16 L 0 135 1
16 D 173 135 1
16 L 0 764 1
16 D 173 764 1
17 L 0 182 1
17 D 341 182 1
17 L 0 560 1
17 D 341 560 1
17 L 0 607 1
17 D 341 607 1
17 L 0 977 1
17 D 341 977 1
18 L 0 17 1
18 D 279 17 1
18 L 0 125 1
18 D 279 125 1
18 L 0 186 1
18 D 279 186 1
18 L 0 772 1
18 D 279 772 1
0 L 0 222 1
0 D 359 222 1
0 L 0 233 1
0 D 359 233 1
0 L 0 685 1
0 D 359 685 1
0 L 0 900 1
0 D 359 900 1
1 L 0 116 1
1 D 288 116 1
1 L 0 427 1
1 D 288 427 1
1 L 0 452 1
1 D 288 452 1
1 L 0 463 1
1 D 288 463 1
2 L 0 401 1
2 D 422 401 1
2 L 0 444 1
2 D 422 444 1
2 L 0 751 1
2 D 422 751 1
2 L 0 917 1
2 D 422 917 1
3 L 0 16 1
3 D 176 16 1
3 L 0 525 1
3 D 176 525 1
3 L 0 639 1
3 D 176 639 1
3 L 0 705 1
3 D 176 705 1
4 L 0 221 1
4 D 210 221 1
4 L 0 413 1
4 D 210 413 1
4 L 0 427 1
4 D 210 427 1
4 L 0 543 1
4 D 210 543 1
5 L 0 16 1
5 D 407 16 1
5 L 0 283 1
5 D 407 283 1
5 L 0 310 1
5 D 407 310 1
5 L 0 861 1
5 D 407 861 1
6 L 0 161 1
6 D 234 161 1
6 L 0 391 1
6 D 234 391 1
6 L 0 808 1
6 D 234 808 1
6 L 0 862 1
6 D 234 862 1
7 L 0 43 1
7 D 199 43 1
7 L 0 569 1
7 D 199 569 1
7 L 0 777 1
7 D 199 777 1
7 L 0 789 1
7 D 199 789 1
8 L 0 372 1
8 D 374 372 1
8 L 0 431 1
8 D 374 431 1
8 L 0 489 1
8 D 374 489 1
8 L 0 593 1
8 D 374 593 1
9 L 0 51 1
9 D 197 51 1
9 L 0 452 1
9 D 197 452 1
9 L 0 622 1
9 D 197 622 1
9 L 0 995 1
9 D 197 995 1
10 L 0 560 1
10 D 383 560 1
10 L 0 607 1
10 D 383 607 1
10 L 0 700 1
10 D 383 700 1
10 L 0 764 1
10 D 383 764 1
11 L 0 437 1
11 D 265 437 1
11 L 0 441 1
11 D 265 441 1
11 L 0 704 1
11 D 265 704 1
11 L 0 808 1
11 D 265 808 1
12 L 0 475 1
12 D 232 475 1
12 L 0 477 1
12 D 232 477 1
12 L 0 623 1
12 D 232 623 1
12 L 0 853 1
12 D 232 853 1
13 L 0 32 1
13 D 261 32 1
13 L 0 463 1
13 D 261 463 1
13 L 0 632 1
13 D 261 632 1
13 L 0 673 1
13 D 261 673 1
14 L 0 286 1
14 D 322 286 1
14 L 0 688 1
14 D 322 688 1
14 L 0 807 1
14 D 322 807 1
14 L 0 833 1
14 D 322 833 1
15 L 0 513 1
15 D 392 513 1
15 L 0 795 1
15 D 392 795 1
15 L 0 845 1
15 D 392 845 1
15 L 0 950 1
15 D 392 950 1
16 L 0 256 1
16 D 362 256 1
16 L 0 335 1
16 D 362 335 1
16 L 0 739 1
16 D 362 739 1
16 L 0 883 1
16 D 362 883 1
17 L 0 559 1
17 D 242 559 1
17 L 0 710 1
17 D 242 710 1
17 L 0 763 1
17 D 242 763 1
17 L 0 994 1
17 D 242 994 1
18 L 0 81 1
18 D 244 81 1
18 L 0 375 1
18 D 244 375 1
18 L 0 594 1
18 D 244 594 1
18 L 0 870 1
18 D 244 870 1
0 L 0 224 1
0 D 201 224 1
0 L 0 285 1
0 D 201 285 1
0 L 0 391 1
0 D 201 391 1
0 L 0 496 1
0 D 201 496 1
1 L 0 275 1
1 D 314 275 1
1 L 0 296 1
1 D 314 296 1
1 L 0 809 1
1 D 314 809 1
1 L 0 902 1
1 D 314 902 1
2 L 0 277 1
2 D 306 277 1
2 L 0 476 1
2 D 306 476 1
2 L 0 642 1
2 D 306 642 1
2 L 0 806 1
2 D 306 806 1
3 L 0 397 1
3 D 346 397 1
3 L 0 517 1
3 D 346 517 1
3 L 0 583 1
3 D 346 583 1
3 L 0 979 1
3 D 346 979 1
4 L 0 55 1
4 D 496 55 1
4 L 0 764 1
4 D 496 764 1
4 L 0 765 1
4 D 496 765 1
4 L 0 772 1
4 D 496 772 1
5 L 0 429 1
5 D 432 429 1
5 L 0 551 1
5 D 432 551 1
5 L 0 620 1
5 D 432 620 1
5 L 0 947 1
5 D 432 947 1
6 L 0 66 1
6 D 21 66 1
6 L 0 107 1
6 D 21 107 1
6 L 0 779 1
6 D 21 779 1
6 L 0 780 1
6 D 21 780 1
7 L 0 727 1
7 D 547 727 1
7 L 0 852 1
7 D 547 852 1
7 L 0 875 1
7 D 547 875 1
7 L 0 962 1
7 D 547 962 1
8 L 0 242 1
8 D 50 242 1
8 L 0 345 1
8 D 50 345 1
8 L 0 350 1
8 D 50 350 1
8 L 0 749 1
8 D 50 749 1
9 L 0 89 1
9 D 764 89 1
9 L 0 541 1
9 D 764 541 1
9 L 0 837 1
9 D 764 837 1
9 L 0 878 1
9 D 764 878 1
10 L 0 41 1
10 D 97 41 1
10 L 0 279 1
10 D 97 279 1
10 L 0 287 1
10 D 97 287 1
10 L 0 480 1
10 D 97 480 1
11 L 0 153 1
11 D 96 153 1
11 L 0 591 1
11 D 96 591 1
11 L 0 795 1
11 D 96 795 1
11 L 0 835 1
11 D 96 835 1
12 L 0 713 1
12 D 94 713 1
12 L 0 716 1
12 D 94 716 1
12 L 0 886 1
12 D 94 886 1
12 L 0 960 1
12 D 94 960 1
13 L 0 119 1
13 D 596 119 1
13 L 0 289 1
13 D 596 289 1
13 L 0 526 1
13 D 596 526 1
13 L 0 635 1
13 D 596 635 1
14 L 0 257 1
14 D 603 257 1
14 L 0 764 1
14 D 603 764 1
14 L 0 787 1
14 D 603 787 1
14 L 0 793 1
14 D 603 793 1
15 L 0 73 1
15 D 721 73 1
15 L 0 223 1
15 D 721 223 1
15 L 0 399 1
15 D 721 399 1
15 L 0 926 1
15 D 721 926 1
16 L 0 71 1
16 D 716 71 1
16 L 0 78 1
16 D 716 78 1
16 L 0 239 1
16 D 716 239 1
16 L 0 478 1
16 D 716 478 1
17 L 0 188 1
17 D 624 188 1
17 L 0 388 1
17 D 624 388 1
17 L 0 739 1
17 D 624 739 1
17 L 0 772 1
17 D 624 772 1
18 L 0 16 1
18 D 633 16 1
18 L 0 185 1
18 D 633 185 1
18 L 0 825 1
18 D 633 825 1
18 L 0 926 1
18 D 633 926 1
