1280
0 L 11 1285 1
0 D 968 1285 1
1 L 2 1057 1
1 D 315 1057 1
2 L 4 604 1
2 D 82 604 1
3 L 11 669 1
3 D 761 669 1
4 L 10 1590 1
4 D 247 1590 1
5 L 1 1335 1
5 D 980 1335 1
6 L 11 465 1
6 D 863 465 1
7 L 1 583 1
7 D 386 583 1
8 L 11 1938 1
8 D 217 1938 1
9 L 0 137 1
9 D 400 137 1
10 L 1 940 1
10 D 923 940 1
11 L 15 1854 1
11 D 927 1854 1
12 L 4 1923 1
12 D 312 1923 1
13 L 15 815 1
13 D 19 815 1
14 L 10 1355 1
14 D 934 1355 1
15 L 0 1962 1
15 D 675 1962 1
16 L 11 1052 1
16 D 14 1052 1
17 L 4 296 1
17 D 539 296 1
18 L 8 435 1
18 D 966 435 1
19 L 2 597 1
19 D 68 597 1
20 L 4 992 1
20 D 115 992 1
21 L 4 971 1
21 D 996 971 1
22 L 0 1762 1
22 D 681 1762 1
23 L 1 484 1
23 D 171 484 1
23 L 1 531 1
23 D 171 531 1
24 L 0 1087 1
24 D 295 1087 1
24 L 0 1328 1
24 D 295 1328 1
25 L 12 1300 1
25 D 85 1300 1
26 L 11 512 1
26 D 85 512 1
27 L 8 639 1
27 D 963 639 1
27 L 8 1231 1
27 D 963 1231 1
28 L 0 564 1
28 D 649 564 1
28 L 0 975 1
28 D 649 975 1
0 L 1 672 1
0 D 253 672 1
0 L 1 783 1
0 D 253 783 1
1 L 1 21 1
1 D 251 21 1
1 L 1 1328 1
1 D 251 1328 1
2 L 11 1357 1
2 D 107 1357 1
2 L 11 1704 1
2 D 107 1704 1
3 L 2 100 1
3 D 957 100 1
3 L 2 1010 1
3 D 957 1010 1
4 L 4 900 1
4 D 768 900 1
4 L 4 1677 1
4 D 768 1677 1
5 L 2 375 1
5 D 654 375 1
5 L 2 1491 1
5 D 654 1491 1
6 L 4 852 1
6 D 216 852 1
6 L 4 1606 1
6 D 216 1606 1
7 L 4 1359 1
7 D 921 1359 1
7 L 4 1864 1
7 D 921 1864 1
8 L 9 372 1
8 D 152 372 1
8 L 9 1177 1
8 D 152 1177 1
9 L 11 348 1
9 D 205 348 1
9 L 11 1444 1
9 D 205 1444 1
10 L 4 1013 1
10 D 682 1013 1
10 L 4 1313 1
10 D 682 1313 1
11 L 6 18 1
11 D 198 18 1
11 L 6 1002 1
11 D 198 1002 1
12 L 12 31 1
12 D 186 31 1
12 L 12 841 1
12 D 186 841 1
13 L 0 190 1
13 D 182 190 1
13 L 0 816 1
13 D 182 816 1
14 L 6 590 1
14 D 776 590 1
14 L 6 1888 1
14 D 776 1888 1
15 L 6 157 1
15 D 123 157 1
15 L 6 1747 1
15 D 123 1747 1
16 L 7 593 1
16 D 296 593 1
16 L 7 1230 1
16 D 296 1230 1
17 L 2 346 1
17 D 328 346 1
17 L 2 1894 1
17 D 328 1894 1
18 L 4 1270 1
18 D 634 1270 1
18 L 4 1329 1
18 D 634 1329 1
19 L 4 471 1
19 D 450 471 1
19 L 4 757 1
19 D 450 757 1
20 L 4 508 1
20 D 838 508 1
20 L 4 1300 1
20 D 838 1300 1
21 L 8 743 1
21 D 465 743 1
21 L 8 1436 1
21 D 465 1436 1
22 L 12 881 1
22 D 471 881 1
22 L 12 1855 1
22 D 471 1855 1
23 L 0 342 1
23 D 536 342 1
23 L 0 908 1
23 D 536 908 1
24 L 14 73 1
24 D 477 73 1
24 L 14 628 1
24 D 477 628 1
25 L 0 45 1
25 D 446 45 1
25 L 0 852 1
25 D 446 852 1
26 L 15 189 1
26 D 532 189 1
26 L 15 1860 1
26 D 532 1860 1
27 L 15 989 1
27 D 495 989 1
27 L 15 1061 1
27 D 495 1061 1
28 L 4 558 1
28 D 530 558 1
28 L 4 1791 1
28 D 530 1791 1
0 L 8 435 1
0 D 827 435 1
0 L 8 1276 1
0 D 827 1276 1
1 L 11 403 1
1 D 823 403 1
1 L 11 1508 1
1 D 823 1508 1
2 L 0 101 1
2 D 520 101 1
2 L 0 1617 1
2 D 520 1617 1
3 L 0 335 1
3 D 822 335 1
3 L 0 898 1
3 D 822 898 1
4 L 11 1441 1
4 D 831 1441 1
4 L 11 1764 1
4 D 831 1764 1
5 L 8 637 1
5 D 305 637 1
5 L 8 991 1
5 D 305 991 1
6 L 0 1034 1
6 D 440 1034 1
6 L 0 1327 1
6 D 440 1327 1
7 L 0 56 1
7 D 429 56 1
7 L 0 1203 1
7 D 429 1203 1
8 L 7 1106 1
8 D 887 1106 1
8 L 7 1972 1
8 D 887 1972 1
9 L 3 392 1
9 D 884 392 1
9 L 3 549 1
9 D 884 549 1
10 L 10 104 1
10 D 360 104 1
10 L 10 429 1
10 D 360 429 1
11 L 4 591 1
11 D 367 591 1
11 L 4 1836 1
11 D 367 1836 1
12 L 12 1765 1
12 D 371 1765 1
12 L 12 1875 1
12 D 371 1875 1
13 L 15 420 1
13 D 873 420 1
13 L 15 1197 1
13 D 873 1197 1
14 L 10 1818 1
14 D 560 1818 1
15 L 11 266 1
15 D 560 266 1
16 L 11 35 1
16 D 862 35 1
16 L 11 1406 1
16 D 862 1406 1
17 L 15 48 1
17 D 402 48 1
17 L 15 1549 1
17 D 402 1549 1
18 L 0 486 1
18 D 572 486 1
18 L 0 1329 1
18 D 572 1329 1
19 L 15 468 1
19 D 410 468 1
19 L 15 1704 1
19 D 410 1704 1
20 L 0 647 1
20 D 849 647 1
20 L 0 1348 1
20 D 849 1348 1
21 L 8 121 1
21 D 847 121 1
21 L 8 1022 1
21 D 847 1022 1
22 L 11 159 1
22 D 846 159 1
22 L 11 1554 1
22 D 846 1554 1
23 L 0 1508 1
23 D 858 1508 1
23 L 0 1653 1
23 D 858 1653 1
24 L 4 773 1
24 D 999 773 1
24 L 4 1464 1
24 D 999 1464 1
25 L 8 1029 1
25 D 782 1029 1
25 L 8 1101 1
25 D 782 1101 1
26 L 8 54 1
26 D 975 54 1
26 L 8 1571 1
26 D 975 1571 1
27 L 8 149 1
27 D 39 149 1
27 L 8 719 1
27 D 39 719 1
28 L 4 1344 1
28 D 40 1344 1
28 L 4 1964 1
28 D 40 1964 1
0 L 10 448 1
0 D 58 448 1
0 L 10 1304 1
0 D 58 1304 1
1 L 11 154 1
1 D 10 154 1
1 L 11 1189 1
1 D 10 1189 1
2 L 4 852 1
2 D 745 852 1
2 L 4 1173 1
2 D 745 1173 1
3 L 1 216 1
3 D 44 216 1
3 L 1 563 1
3 D 44 563 1
4 L 4 1666 1
4 D 731 1666 1
5 L 7 1410 1
5 D 731 1410 1
6 L 15 1514 1
6 D 49 1514 1
6 L 15 1782 1
6 D 49 1782 1
7 L 14 1843 1
7 D 8 1843 1
7 L 14 1958 1
7 D 8 1958 1
8 L 8 919 1
8 D 28 919 1
8 L 8 1699 1
8 D 28 1699 1
9 L 0 171 1
9 D 797 171 1
9 L 0 356 1
9 D 797 356 1
9 L 0 454 1
9 D 797 454 1
10 L 12 68 1
10 D 38 68 1
10 L 12 1490 1
10 D 38 1490 1
10 L 12 1762 1
10 D 38 1762 1
11 L 7 629 1
11 D 213 629 1
11 L 7 926 1
11 D 213 926 1
11 L 7 1969 1
11 D 213 1969 1
12 L 5 175 1
12 D 979 175 1
12 L 5 951 1
12 D 979 951 1
12 L 5 1147 1
12 D 979 1147 1
13 L 0 1306 1
13 D 883 1306 1
13 L 0 1887 1
13 D 883 1887 1
14 L 4 1354 1
14 D 883 1354 1
15 L 4 96 1
15 D 729 96 1
15 L 4 382 1
15 D 729 382 1
15 L 4 471 1
15 D 729 471 1
16 L 4 370 1
16 D 941 370 1
16 L 4 1449 1
16 D 941 1449 1
16 L 4 1853 1
16 D 941 1853 1
17 L 11 1049 1
17 D 924 1049 1
17 L 11 1233 1
17 D 924 1233 1
18 L 10 893 1
18 D 924 893 1
19 L 4 1204 1
19 D 940 1204 1
19 L 4 1789 1
19 D 940 1789 1
19 L 4 1962 1
19 D 940 1962 1
20 L 4 421 1
20 D 412 421 1
20 L 4 1559 1
20 D 412 1559 1
20 L 4 1580 1
20 D 412 1580 1
21 L 15 688 1
21 D 352 688 1
21 L 15 1464 1
21 D 352 1464 1
21 L 15 1520 1
21 D 352 1520 1
22 L 8 1047 1
22 D 202 1047 1
22 L 8 1841 1
22 D 202 1841 1
23 L 14 1183 1
23 D 202 1183 1
24 L 4 631 1
24 D 680 631 1
24 L 4 834 1
24 D 680 834 1
24 L 4 1527 1
24 D 680 1527 1
25 L 8 929 1
25 D 201 929 1
25 L 8 1011 1
25 D 201 1011 1
25 L 8 1456 1
25 D 201 1456 1
26 L 7 468 1
26 D 926 468 1
26 L 7 1467 1
26 D 926 1467 1
26 L 7 1500 1
26 D 926 1500 1
27 L 15 1545 1
27 D 609 1545 1
27 L 15 1843 1
27 D 609 1843 1
27 L 15 1993 1
27 D 609 1993 1
28 L 8 287 1
28 D 727 287 1
28 L 8 346 1
28 D 727 346 1
28 L 8 461 1
28 D 727 461 1
0 L 1 1601 1
0 D 575 1601 1
0 L 1 1782 1
0 D 575 1782 1
1 L 14 1670 1
1 D 575 1670 1
2 L 11 419 1
2 D 604 419 1
2 L 11 455 1
2 D 604 455 1
2 L 11 1545 1
2 D 604 1545 1
3 L 11 1512 1
3 D 215 1512 1
3 L 11 1875 1
3 D 215 1875 1
4 L 12 1282 1
4 D 215 1282 1
5 L 7 983 1
5 D 361 983 1
5 L 7 1863 1
5 D 361 1863 1
5 L 7 1912 1
5 D 361 1912 1
6 L 4 1094 1
6 D 595 1094 1
6 L 4 1356 1
6 D 595 1356 1
6 L 4 1617 1
6 D 595 1617 1
7 L 4 958 1
7 D 798 958 1
7 L 4 1482 1
7 D 798 1482 1
7 L 4 1945 1
7 D 798 1945 1
8 L 4 412 1
8 D 984 412 1
8 L 4 1638 1
8 D 984 1638 1
8 L 4 1888 1
8 D 984 1888 1
9 L 0 522 1
9 D 591 522 1
9 L 0 690 1
9 D 591 690 1
10 L 5 320 1
10 D 591 320 1
11 L 8 153 1
11 D 866 153 1
11 L 8 220 1
11 D 866 220 1
11 L 8 270 1
11 D 866 270 1
12 L 15 95 1
12 D 175 95 1
12 L 15 409 1
12 D 175 409 1
12 L 15 975 1
12 D 175 975 1
13 L 11 542 1
13 D 759 542 1
14 L 4 480 1
14 D 759 480 1
14 L 4 1274 1
14 D 759 1274 1
15 L 8 553 1
15 D 176 553 1
15 L 8 1003 1
15 D 176 1003 1
15 L 8 1313 1
15 D 176 1313 1
16 L 8 271 1
16 D 55 271 1
16 L 8 1840 1
16 D 55 1840 1
16 L 8 1903 1
16 D 55 1903 1
17 L 4 394 1
17 D 220 394 1
17 L 4 1209 1
17 D 220 1209 1
17 L 4 1287 1
17 D 220 1287 1
18 L 8 871 1
18 D 337 871 1
18 L 8 1016 1
18 D 337 1016 1
18 L 8 1589 1
18 D 337 1589 1
19 L 8 586 1
19 D 274 586 1
19 L 8 1706 1
19 D 274 1706 1
20 L 15 640 1
20 D 274 640 1
21 L 11 626 1
21 D 282 626 1
21 L 11 1059 1
21 D 282 1059 1
21 L 11 1359 1
21 D 282 1359 1
22 L 4 164 1
22 D 897 164 1
22 L 4 977 1
22 D 897 977 1
22 L 4 1289 1
22 D 897 1289 1
23 L 15 755 1
23 D 285 755 1
23 L 15 1097 1
23 D 285 1097 1
23 L 15 1536 1
23 D 285 1536 1
24 L 4 859 1
24 D 896 859 1
24 L 4 1075 1
24 D 896 1075 1
24 L 4 1794 1
24 D 896 1794 1
25 L 8 886 1
25 D 518 886 1
25 L 8 1894 1
25 D 518 1894 1
26 L 14 989 1
26 D 518 989 1
27 L 4 142 1
27 D 288 142 1
27 L 4 1825 1
27 D 288 1825 1
28 L 11 1165 1
28 D 288 1165 1
0 L 4 563 1
0 D 48 563 1
0 L 4 1095 1
0 D 48 1095 1
0 L 4 1785 1
0 D 48 1785 1
1 L 8 837 1
1 D 638 837 1
1 L 8 998 1
1 D 638 998 1
1 L 8 1383 1
1 D 638 1383 1
2 L 0 552 1
2 D 255 552 1
2 L 0 1270 1
2 D 255 1270 1
2 L 0 1345 1
2 D 255 1345 1
3 L 9 732 1
3 D 981 732 1
3 L 9 1488 1
3 D 981 1488 1
3 L 9 1626 1
3 D 981 1626 1
4 L 13 107 1
4 D 250 107 1
4 L 13 265 1
4 D 250 265 1
4 L 13 554 1
4 D 250 554 1
5 L 10 512 1
5 D 249 512 1
5 L 10 643 1
5 D 249 643 1
5 L 10 1556 1
5 D 249 1556 1
6 L 15 139 1
6 D 80 139 1
6 L 15 1118 1
6 D 80 1118 1
6 L 15 1234 1
6 D 80 1234 1
7 L 10 1147 1
7 D 303 1147 1
7 L 10 1464 1
7 D 303 1464 1
7 L 10 1643 1
7 D 303 1643 1
8 L 4 413 1
8 D 786 413 1
8 L 4 1547 1
8 D 786 1547 1
8 L 4 1764 1
8 D 786 1764 1
9 L 1 1022 1
9 D 310 1022 1
9 L 1 1158 1
9 D 310 1158 1
9 L 1 1857 1
9 D 310 1857 1
10 L 0 28 1
10 D 336 28 1
10 L 0 1355 1
10 D 336 1355 1
10 L 0 1643 1
10 D 336 1643 1
11 L 14 445 1
11 D 24 445 1
11 L 14 979 1
11 D 24 979 1
11 L 14 1597 1
11 D 24 1597 1
12 L 0 488 1
12 D 221 488 1
12 L 0 1005 1
12 D 221 1005 1
13 L 5 588 1
13 D 221 588 1
14 L 4 631 1
14 D 335 631 1
14 L 4 800 1
14 D 335 800 1
14 L 4 1028 1
14 D 335 1028 1
15 L 4 1590 1
15 D 332 1590 1
15 L 4 1640 1
15 D 332 1640 1
15 L 4 1765 1
15 D 332 1765 1
16 L 8 398 1
16 D 659 398 1
16 L 8 1457 1
16 D 659 1457 1
16 L 8 1902 1
16 D 659 1902 1
17 L 14 780 1
17 D 789 780 1
17 L 14 900 1
17 D 789 900 1
17 L 14 917 1
17 D 789 917 1
18 L 15 362 1
18 D 658 362 1
18 L 15 1713 1
18 D 658 1713 1
19 L 8 1 1
19 D 658 1 1
20 L 11 26 1
20 D 323 26 1
20 L 11 153 1
20 D 323 153 1
20 L 11 1508 1
20 D 323 1508 1
21 L 4 1159 1
21 D 625 1159 1
21 L 4 1305 1
21 D 625 1305 1
21 L 4 1993 1
21 D 625 1993 1
22 L 6 688 1
22 D 43 688 1
22 L 6 1525 1
22 D 43 1525 1
22 L 6 1584 1
22 D 43 1584 1
23 L 11 725 1
23 D 655 725 1
23 L 11 1009 1
23 D 655 1009 1
24 L 4 1125 1
24 D 655 1125 1
25 L 10 97 1
25 D 911 97 1
25 L 10 1264 1
25 D 911 1264 1
26 L 11 576 1
26 D 911 576 1
27 L 4 572 1
27 D 240 572 1
27 L 4 1250 1
27 D 240 1250 1
27 L 4 1558 1
27 D 240 1558 1
28 L 6 747 1
28 D 326 747 1
28 L 6 801 1
28 D 326 801 1
28 L 6 1681 1
28 D 326 1681 1
0 L 4 1277 1
0 D 425 1277 1
0 L 4 1285 1
0 D 425 1285 1
0 L 4 1420 1
0 D 425 1420 1
1 L 15 8 1
1 D 300 8 1
1 L 15 270 1
1 D 300 270 1
1 L 15 622 1
1 D 300 622 1
2 L 10 265 1
2 D 943 265 1
2 L 10 1025 1
2 D 943 1025 1
2 L 10 1969 1
2 D 943 1969 1
3 L 11 290 1
3 D 112 290 1
3 L 11 1863 1
3 D 112 1863 1
4 L 10 634 1
4 D 112 634 1
5 L 4 429 1
5 D 748 429 1
5 L 4 1334 1
5 D 748 1334 1
5 L 4 1647 1
5 D 748 1647 1
6 L 0 1127 1
6 D 993 1127 1
6 L 0 1541 1
6 D 993 1541 1
6 L 0 1896 1
6 D 993 1896 1
7 L 6 21 1
7 D 117 21 1
7 L 6 239 1
7 D 117 239 1
7 L 6 1305 1
7 D 117 1305 1
8 L 8 1220 1
8 D 722 1220 1
9 L 9 1090 1
9 D 722 1090 1
10 L 3 725 1
10 D 722 725 1
11 L 15 49 1
11 D 540 49 1
11 L 15 114 1
11 D 540 114 1
11 L 15 338 1
11 D 540 338 1
12 L 15 83 1
12 D 474 83 1
12 L 15 1064 1
12 D 474 1064 1
12 L 15 1989 1
12 D 474 1989 1
13 L 0 94 1
13 D 973 94 1
13 L 0 628 1
13 D 973 628 1
13 L 0 901 1
13 D 973 901 1
14 L 14 459 1
14 D 157 459 1
14 L 14 488 1
14 D 157 488 1
14 L 14 901 1
14 D 157 901 1
15 L 11 71 1
15 D 955 71 1
15 L 11 1019 1
15 D 955 1019 1
16 L 10 1014 1
16 D 955 1014 1
17 L 4 281 1
17 D 723 281 1
17 L 4 880 1
17 D 723 880 1
17 L 4 1751 1
17 D 723 1751 1
18 L 15 736 1
18 D 129 736 1
18 L 15 1025 1
18 D 129 1025 1
18 L 15 1166 1
18 D 129 1166 1
19 L 4 77 1
19 D 704 77 1
19 L 4 242 1
19 D 704 242 1
19 L 4 983 1
19 D 704 983 1
20 L 4 559 1
20 D 769 559 1
20 L 4 567 1
20 D 769 567 1
20 L 4 678 1
20 D 769 678 1
21 L 4 267 1
21 D 546 267 1
21 L 4 1447 1
21 D 546 1447 1
21 L 4 1572 1
21 D 546 1572 1
22 L 15 433 1
22 D 770 433 1
22 L 15 475 1
22 D 770 475 1
23 L 3 1375 1
23 D 770 1375 1
24 L 2 806 1
24 D 711 806 1
24 L 2 1455 1
24 D 711 1455 1
24 L 2 1962 1
24 D 711 1962 1
25 L 4 265 1
25 D 482 265 1
25 L 4 586 1
25 D 482 586 1
25 L 4 1542 1
25 D 482 1542 1
26 L 11 558 1
26 D 514 558 1
26 L 11 850 1
26 D 514 850 1
26 L 11 1496 1
26 D 514 1496 1
27 L 0 1209 1
27 D 522 1209 1
27 L 0 1618 1
27 D 522 1618 1
28 L 4 1850 1
28 D 522 1850 1
0 L 15 644 1
0 D 510 644 1
0 L 15 798 1
0 D 510 798 1
1 L 13 1103 1
1 D 510 1103 1
2 L 0 1528 1
2 D 91 1528 1
2 L 0 1803 1
2 D 91 1803 1
3 L 5 1201 1
3 D 91 1201 1
4 L 11 427 1
4 D 505 427 1
4 L 11 852 1
4 D 505 852 1
4 L 11 1481 1
4 D 505 1481 1
5 L 1 807 1
5 D 525 807 1
5 L 1 1094 1
5 D 525 1094 1
5 L 1 1662 1
5 D 525 1662 1
6 L 8 83 1
6 D 480 83 1
6 L 8 632 1
6 D 480 632 1
6 L 8 1562 1
6 D 480 1562 1
7 L 1 399 1
7 D 998 399 1
7 L 1 552 1
7 D 998 552 1
7 L 1 1759 1
7 D 998 1759 1
8 L 4 142 1
8 D 7 142 1
8 L 4 264 1
8 D 7 264 1
8 L 4 808 1
8 D 7 808 1
9 L 8 953 1
9 D 765 953 1
9 L 8 1866 1
9 D 765 1866 1
10 L 1 1138 1
10 D 765 1138 1
11 L 11 43 1
11 D 714 43 1
11 L 11 320 1
11 D 714 320 1
11 L 11 1652 1
11 D 714 1652 1
12 L 5 303 1
12 D 103 303 1
12 L 5 1437 1
12 D 103 1437 1
12 L 5 1438 1
12 D 103 1438 1
13 L 4 793 1
13 D 488 793 1
13 L 4 987 1
13 D 488 987 1
14 L 2 1758 1
14 D 488 1758 1
15 L 4 391 1
15 D 106 391 1
15 L 4 913 1
15 D 106 913 1
15 L 4 1304 1
15 D 106 1304 1
16 L 1 471 1
16 D 751 471 1
17 L 14 760 1
17 D 751 760 1
18 L 0 240 1
18 D 751 240 1
19 L 15 159 1
19 D 139 159 1
19 L 15 172 1
19 D 139 172 1
19 L 15 1779 1
19 D 139 1779 1
20 L 4 305 1
20 D 906 305 1
20 L 4 1321 1
20 D 906 1321 1
21 L 0 1492 1
21 D 906 1492 1
22 L 0 105 1
22 D 435 105 1
22 L 0 748 1
22 D 435 748 1
22 L 0 1737 1
22 D 435 1737 1
23 L 10 763 1
23 D 949 763 1
23 L 10 836 1
23 D 949 836 1
23 L 10 1505 1
23 D 949 1505 1
24 L 6 362 1
24 D 438 362 1
24 L 6 1762 1
24 D 438 1762 1
25 L 1 1750 1
25 D 438 1750 1
26 L 4 1024 1
26 D 744 1024 1
26 L 4 1499 1
26 D 744 1499 1
26 L 4 1713 1
26 D 744 1713 1
27 L 15 104 1
27 D 557 104 1
27 L 15 352 1
27 D 557 352 1
27 L 15 1434 1
27 D 557 1434 1
28 L 4 473 1
28 D 687 473 1
29 L 11 23 1
29 D 687 23 1
29 L 11 1407 1
29 D 687 1407 1
0 L 11 1495 1
0 D 141 1495 1
0 L 11 1890 1
0 D 141 1890 1
0 L 11 1929 1
0 D 141 1929 1
1 L 8 957 1
1 D 564 957 1
1 L 8 1393 1
1 D 564 1393 1
1 L 8 1911 1
1 D 564 1911 1
2 L 0 8 1
2 D 144 8 1
2 L 0 1449 1
2 D 144 1449 1
2 L 0 1476 1
2 D 144 1476 1
3 L 0 99 1
3 D 311 99 1
3 L 0 157 1
3 D 311 157 1
3 L 0 1137 1
3 D 311 1137 1
4 L 4 578 1
4 D 311 578 1
5 L 14 92 1
5 D 487 92 1
5 L 14 911 1
5 D 487 911 1
5 L 14 1220 1
5 D 487 1220 1
5 L 14 1950 1
5 D 487 1950 1
6 L 4 96 1
6 D 579 96 1
6 L 4 478 1
6 D 579 478 1
6 L 4 845 1
6 D 579 845 1
7 L 0 837 1
7 D 579 837 1
8 L 4 890 1
8 D 750 890 1
8 L 4 1617 1
8 D 750 1617 1
8 L 4 1658 1
8 D 750 1658 1
9 L 0 1880 1
9 D 750 1880 1
10 L 0 734 1
10 D 403 734 1
10 L 0 1297 1
10 D 403 1297 1
10 L 0 1452 1
10 D 403 1452 1
11 L 5 1811 1
11 D 403 1811 1
12 L 4 674 1
12 D 269 674 1
12 L 4 829 1
12 D 269 829 1
12 L 4 1214 1
12 D 269 1214 1
13 L 11 277 1
13 D 269 277 1
14 L 8 553 1
14 D 308 553 1
14 L 8 1094 1
14 D 308 1094 1
14 L 8 1595 1
14 D 308 1595 1
14 L 8 1875 1
14 D 308 1875 1
15 L 4 639 1
15 D 734 639 1
15 L 4 1087 1
15 D 734 1087 1
15 L 4 1089 1
15 D 734 1089 1
16 L 15 1008 1
16 D 734 1008 1
17 L 14 167 1
17 D 304 167 1
17 L 14 456 1
17 D 304 456 1
17 L 14 1196 1
17 D 304 1196 1
17 L 14 1541 1
17 D 304 1541 1
18 L 1 573 1
18 D 21 573 1
18 L 1 1462 1
18 D 21 1462 1
18 L 1 1990 1
18 D 21 1990 1
19 L 0 1387 1
19 D 21 1387 1
20 L 6 48 1
20 D 991 48 1
20 L 6 107 1
20 D 991 107 1
21 L 14 343 1
21 D 991 343 1
21 L 14 1771 1
21 D 991 1771 1
22 L 9 26 1
22 D 888 26 1
22 L 9 1091 1
22 D 888 1091 1
22 L 9 1785 1
22 D 888 1785 1
22 L 9 1830 1
22 D 888 1830 1
23 L 10 312 1
23 D 754 312 1
23 L 10 697 1
23 D 754 697 1
23 L 10 988 1
23 D 754 988 1
23 L 10 1233 1
23 D 754 1233 1
24 L 4 534 1
24 D 281 534 1
24 L 4 747 1
24 D 281 747 1
24 L 4 1108 1
24 D 281 1108 1
25 L 15 1635 1
25 D 281 1635 1
26 L 2 314 1
26 D 851 314 1
26 L 2 1798 1
26 D 851 1798 1
26 L 2 1837 1
26 D 851 1837 1
26 L 2 1938 1
26 D 851 1938 1
27 L 11 216 1
27 D 512 216 1
27 L 11 278 1
27 D 512 278 1
27 L 11 512 1
27 D 512 512 1
27 L 11 1608 1
27 D 512 1608 1
28 L 0 238 1
28 D 565 238 1
28 L 0 421 1
28 D 565 421 1
28 L 0 1545 1
28 D 565 1545 1
28 L 0 1898 1
28 D 565 1898 1
0 L 0 720 1
0 D 752 720 1
0 L 0 1053 1
0 D 752 1053 1
0 L 0 1054 1
0 D 752 1054 1
1 L 4 507 1
1 D 752 507 1
2 L 4 90 1
2 D 802 90 1
2 L 4 384 1
2 D 802 384 1
2 L 4 863 1
2 D 802 863 1
2 L 4 1536 1
2 D 802 1536 1
3 L 1 642 1
3 D 820 642 1
3 L 1 737 1
3 D 820 737 1
4 L 0 953 1
4 D 820 953 1
5 L 3 1100 1
5 D 820 1100 1
6 L 7 1489 1
6 D 804 1489 1
6 L 7 1747 1
6 D 804 1747 1
7 L 4 1154 1
7 D 804 1154 1
7 L 4 1333 1
7 D 804 1333 1
8 L 4 11 1
8 D 411 11 1
8 L 4 162 1
8 D 411 162 1
8 L 4 996 1
8 D 411 996 1
8 L 4 1596 1
8 D 411 1596 1
9 L 3 71 1
9 D 527 71 1
9 L 3 832 1
9 D 527 832 1
9 L 3 1093 1
9 D 527 1093 1
9 L 3 1191 1
9 D 527 1191 1
10 L 12 856 1
10 D 297 856 1
10 L 12 1379 1
10 D 297 1379 1
10 L 12 1948 1
10 D 297 1948 1
11 L 7 462 1
11 D 297 462 1
12 L 15 52 1
12 D 299 52 1
12 L 15 1871 1
12 D 299 1871 1
12 L 15 1877 1
12 D 299 1877 1
13 L 9 77 1
13 D 299 77 1
14 L 8 857 1
14 D 529 857 1
14 L 8 1050 1
14 D 529 1050 1
14 L 8 1538 1
14 D 529 1538 1
15 L 6 1679 1
15 D 529 1679 1
16 L 0 1106 1
16 D 507 1106 1
16 L 0 1598 1
16 D 507 1598 1
16 L 0 1643 1
16 D 507 1643 1
16 L 0 1738 1
16 D 507 1738 1
17 L 4 71 1
17 D 443 71 1
17 L 4 153 1
17 D 443 153 1
17 L 4 1792 1
17 D 443 1792 1
17 L 4 1884 1
17 D 443 1884 1
18 L 4 97 1
18 D 436 97 1
18 L 4 445 1
18 D 436 445 1
18 L 4 954 1
18 D 436 954 1
18 L 4 1955 1
18 D 436 1955 1
19 L 8 1300 1
19 D 363 1300 1
19 L 8 1691 1
19 D 363 1691 1
19 L 8 1888 1
19 D 363 1888 1
19 L 8 1893 1
19 D 363 1893 1
20 L 8 883 1
20 D 439 883 1
20 L 8 948 1
20 D 439 948 1
20 L 8 1200 1
20 D 439 1200 1
21 L 3 1383 1
21 D 439 1383 1
22 L 15 1061 1
22 D 345 1061 1
22 L 15 1455 1
22 D 345 1455 1
22 L 15 1960 1
22 D 345 1960 1
23 L 9 1192 1
23 D 345 1192 1
24 L 0 129 1
24 D 373 129 1
24 L 0 1023 1
24 D 373 1023 1
24 L 0 1667 1
24 D 373 1667 1
24 L 0 1714 1
24 D 373 1714 1
25 L 10 30 1
25 D 442 30 1
25 L 10 1227 1
25 D 442 1227 1
25 L 10 1897 1
25 D 442 1897 1
26 L 11 58 1
26 D 442 58 1
27 L 12 730 1
27 D 882 730 1
27 L 12 836 1
27 D 882 836 1
27 L 12 1176 1
27 D 882 1176 1
27 L 12 1777 1
27 D 882 1777 1
28 L 11 653 1
28 D 368 653 1
28 L 11 812 1
28 D 368 812 1
28 L 11 1558 1
28 D 368 1558 1
28 L 11 1981 1
28 D 368 1981 1
